# JRE version: OpenJDK Runtime Environment (11.0.11+9) (build 11.0.11+9-b60-7590822)
# Java VM: OpenJDK 64-Bit Server VM (11.0.11+9-b60-7590822, mixed mode, tiered, compressed oops, g1 gc, windows-amd64)
Heap:
 garbage-first heap   total 225280K, used 165683K [0x0000000080000000, 0x0000000100000000)
  region size 1024K, 43 young (44032K), 8 survivors (8192K)
 Metaspace       used 101056K, capacity 103579K, committed 104704K, reserved 1140736K
  class space    used 12827K, capacity 13759K, committed 14080K, reserved 1048576K
GC Heap History (20 events):
Event: 8.755 GC heap before
{Heap before GC invocations=24 (full 0):
 garbage-first heap   total 155648K, used 119481K [0x0000000080000000, 0x0000000100000000)
  region size 1024K, 22 young (22528K), 2 survivors (2048K)
 Metaspace       used 78870K, capacity 80919K, committed 81024K, reserved 1120256K
  class space    used 10178K, capacity 10875K, committed 10880K, reserved 1048576K
}
Event: 8.757 GC heap after
{Heap after GC invocations=25 (full 0):
 garbage-first heap   total 187392K, used 97626K [0x0000000080000000, 0x0000000100000000)
  region size 1024K, 1 young (1024K), 1 survivors (1024K)
 Metaspace       used 78870K, capacity 80919K, committed 81024K, reserved 1120256K
  class space    used 10178K, capacity 10875K, committed 10880K, reserved 1048576K
}
Event: 9.142 GC heap before
{Heap before GC invocations=25 (full 0):
 garbage-first heap   total 187392K, used 135514K [0x0000000080000000, 0x0000000100000000)
  region size 1024K, 38 young (38912K), 1 survivors (1024K)
 Metaspace       used 84321K, capacity 86340K, committed 86656K, reserved 1124352K
  class space    used 10868K, capacity 11580K, committed 11648K, reserved 1048576K
}
Event: 9.147 GC heap after
{Heap after GC invocations=26 (full 0):
 garbage-first heap   total 187392K, used 99412K [0x0000000080000000, 0x0000000100000000)
  region size 1024K, 3 young (3072K), 3 survivors (3072K)
 Metaspace       used 84321K, capacity 86340K, committed 86656K, reserved 1124352K
  class space    used 10868K, capacity 11580K, committed 11648K, reserved 1048576K
}
Event: 9.530 GC heap before
{Heap before GC invocations=27 (full 0):
 garbage-first heap   total 187392K, used 139348K [0x0000000080000000, 0x0000000100000000)
  region size 1024K, 42 young (43008K), 3 survivors (3072K)
 Metaspace       used 86903K, capacity 89244K, committed 89472K, reserved 1126400K
  class space    used 11251K, capacity 12091K, committed 12160K, reserved 1048576K
}
Event: 9.536 GC heap after
{Heap after GC invocations=28 (full 0):
 garbage-first heap   total 187392K, used 102315K [0x0000000080000000, 0x0000000100000000)
  region size 1024K, 6 young (6144K), 6 survivors (6144K)
 Metaspace       used 86903K, capacity 89244K, committed 89472K, reserved 1126400K
  class space    used 11251K, capacity 12091K, committed 12160K, reserved 1048576K
}
Event: 9.728 GC heap before
{Heap before GC invocations=28 (full 0):
 garbage-first heap   total 187392K, used 141227K [0x0000000080000000, 0x0000000100000000)
  region size 1024K, 45 young (46080K), 6 survivors (6144K)
 Metaspace       used 87710K, capacity 90264K, committed 90496K, reserved 1128448K
  class space    used 11399K, capacity 12325K, committed 12416K, reserved 1048576K
}
Event: 9.734 GC heap after
{Heap after GC invocations=29 (full 0):
 garbage-first heap   total 187392K, used 105076K [0x0000000080000000, 0x0000000100000000)
  region size 1024K, 6 young (6144K), 6 survivors (6144K)
 Metaspace       used 87710K, capacity 90264K, committed 90496K, reserved 1128448K
  class space    used 11399K, capacity 12325K, committed 12416K, reserved 1048576K
}
Event: 10.056 GC heap before
{Heap before GC invocations=30 (full 0):
 garbage-first heap   total 187392K, used 145012K [0x0000000080000000, 0x0000000100000000)
  region size 1024K, 46 young (47104K), 6 survivors (6144K)
 Metaspace       used 88989K, capacity 91547K, committed 91648K, reserved 1128448K
  class space    used 11508K, capacity 12457K, committed 12544K, reserved 1048576K
}
Event: 10.062 GC heap after
{Heap after GC invocations=31 (full 0):
 garbage-first heap   total 187392K, used 107726K [0x0000000080000000, 0x0000000100000000)
  region size 1024K, 6 young (6144K), 6 survivors (6144K)
 Metaspace       used 88989K, capacity 91547K, committed 91648K, reserved 1128448K
  class space    used 11508K, capacity 12457K, committed 12544K, reserved 1048576K
}
Event: 10.453 GC heap before
{Heap before GC invocations=31 (full 0):
 garbage-first heap   total 187392K, used 148686K [0x0000000080000000, 0x0000000100000000)
  region size 1024K, 46 young (47104K), 6 survivors (6144K)
 Metaspace       used 93286K, capacity 96166K, committed 96384K, reserved 1132544K
  class space    used 12111K, capacity 13134K, committed 13184K, reserved 1048576K
}
Event: 10.460 GC heap after
{Heap after GC invocations=32 (full 0):
 garbage-first heap   total 225280K, used 110002K [0x0000000080000000, 0x0000000100000000)
  region size 1024K, 6 young (6144K), 6 survivors (6144K)
 Metaspace       used 93286K, capacity 96166K, committed 96384K, reserved 1132544K
  class space    used 12111K, capacity 13134K, committed 13184K, reserved 1048576K
}
Event: 1097.262 GC heap before
{Heap before GC invocations=33 (full 0):
 garbage-first heap   total 225280K, used 171442K [0x0000000080000000, 0x0000000100000000)
  region size 1024K, 66 young (67584K), 6 survivors (6144K)
 Metaspace       used 95853K, capacity 98744K, committed 99072K, reserved 1134592K
  class space    used 12375K, capacity 13429K, committed 13568K, reserved 1048576K
}
Event: 1097.280 GC heap after
{Heap after GC invocations=34 (full 0):
 garbage-first heap   total 225280K, used 112383K [0x0000000080000000, 0x0000000100000000)
  region size 1024K, 5 young (5120K), 5 survivors (5120K)
 Metaspace       used 95853K, capacity 98744K, committed 99072K, reserved 1134592K
  class space    used 12375K, capacity 13429K, committed 13568K, reserved 1048576K
}
Event: 2114.974 GC heap before
{Heap before GC invocations=34 (full 0):
 garbage-first heap   total 225280K, used 174847K [0x0000000080000000, 0x0000000100000000)
  region size 1024K, 67 young (68608K), 5 survivors (5120K)
 Metaspace       used 97194K, capacity 100140K, committed 100480K, reserved 1136640K
  class space    used 12503K, capacity 13589K, committed 13696K, reserved 1048576K
}
Event: 2115.043 GC heap after
{Heap after GC invocations=35 (full 0):
 garbage-first heap   total 225280K, used 116862K [0x0000000080000000, 0x0000000100000000)
  region size 1024K, 9 young (9216K), 9 survivors (9216K)
 Metaspace       used 97194K, capacity 100140K, committed 100480K, reserved 1136640K
  class space    used 12503K, capacity 13589K, committed 13696K, reserved 1048576K
}
Event: 2116.467 GC heap before
{Heap before GC invocations=36 (full 0):
 garbage-first heap   total 225280K, used 178302K [0x0000000080000000, 0x0000000100000000)
  region size 1024K, 70 young (71680K), 9 survivors (9216K)
 Metaspace       used 99802K, capacity 102576K, committed 103296K, reserved 1138688K
  class space    used 12734K, capacity 13728K, committed 13952K, reserved 1048576K
}
Event: 2116.501 GC heap after
{Heap after GC invocations=37 (full 0):
 garbage-first heap   total 225280K, used 120506K [0x0000000080000000, 0x0000000100000000)
  region size 1024K, 4 young (4096K), 4 survivors (4096K)
 Metaspace       used 99802K, capacity 102576K, committed 103296K, reserved 1138688K
  class space    used 12734K, capacity 13728K, committed 13952K, reserved 1048576K
}
Event: 2117.525 GC heap before
{Heap before GC invocations=37 (full 0):
 garbage-first heap   total 225280K, used 156346K [0x0000000080000000, 0x0000000100000000)
  region size 1024K, 41 young (41984K), 4 survivors (4096K)
 Metaspace       used 100417K, capacity 103152K, committed 103808K, reserved 1138688K
  class space    used 12784K, capacity 13769K, committed 13952K, reserved 1048576K
}
Event: 2117.570 GC heap after
{Heap after GC invocations=38 (full 0):
 garbage-first heap   total 225280K, used 128819K [0x0000000080000000, 0x0000000100000000)
  region size 1024K, 8 young (8192K), 8 survivors (8192K)
 Metaspace       used 100417K, capacity 103152K, committed 103808K, reserved 1138688K
  class space    used 12784K, capacity 13769K, committed 13952K, reserved 1048576K
}

